<?xml version="1.0" encoding="UTF-8"?>
<!-- Generated by org.testng.reporters.JUnitXMLReporter -->
<testsuite ignored="2" hostname="RTLP-JER-1152" failures="1" tests="15" name="Default test" time="38.914" errors="0" timestamp="2024-07-12T17:06:58 GMT-07:00">
  <testcase classname="com.loginpage.Validloginwithdashboard" name="validcrendentials" time="5.754"/>
  <testcase classname="com.loginpage.Validloginwithdashboard" name="crm" time="0.308"/>
  <testcase classname="com.loginpage.Validloginwithdashboard" name="lead" time="1.141"/>
  <testcase classname="com.loginpage.Validloginwithdashboard" name="validationmessageofcontactinfo" time="0.918"/>
  <testcase classname="com.loginpage.Validloginwithdashboard" name="contactinfo" time="20.093"/>
  <testcase classname="com.loginpage.Validloginwithdashboard" name="validationmessageofsalesfollowup" time="0.645"/>
  <testcase classname="com.loginpage.Validloginwithdashboard" name="verifycheckbox" time="0.312"/>
  <testcase classname="com.loginpage.Validloginwithdashboard" name="verifyname" time="1.613"/>
  <testcase classname="com.loginpage.Validloginwithdashboard" name="verifythedropdown" time="0.385"/>
  <testcase classname="com.loginpage.Validloginwithdashboard" name="verifytheinvalidname" time="1.693">
    <failure type="java.lang.AssertionError" message="The name field should not accept numbers. expected [false] but found [true]">
      <![CDATA[java.lang.AssertionError: The name field should not accept numbers. expected [false] but found [true]
at org.testng.Assert.fail(Assert.java:99)
at org.testng.Assert.failNotEquals(Assert.java:1037)
at org.testng.Assert.assertFalse(Assert.java:67)
at com.loginpage.Validloginwithdashboard.verifytheinvalidname(Validloginwithdashboard.java:249)
at java.base/jdk.internal.reflect.DirectMethodHandleAccessor.invoke(DirectMethodHandleAccessor.java:103)
at java.base/java.lang.reflect.Method.invoke(Method.java:580)
at org.testng.internal.MethodInvocationHelper.invokeMethod(MethodInvocationHelper.java:133)
at org.testng.internal.TestInvoker.invokeMethod(TestInvoker.java:598)
at org.testng.internal.TestInvoker.invokeTestMethod(TestInvoker.java:173)
at org.testng.internal.MethodRunner.runInSequence(MethodRunner.java:46)
at org.testng.internal.TestInvoker$MethodInvocationAgent.invoke(TestInvoker.java:824)
at org.testng.internal.TestInvoker.invokeTestMethods(TestInvoker.java:146)
at org.testng.internal.TestMethodWorker.invokeTestMethods(TestMethodWorker.java:146)
at org.testng.internal.TestMethodWorker.run(TestMethodWorker.java:128)
at java.base/java.util.ArrayList.forEach(ArrayList.java:1596)
at org.testng.TestRunner.privateRun(TestRunner.java:794)
at org.testng.TestRunner.run(TestRunner.java:596)
at org.testng.SuiteRunner.runTest(SuiteRunner.java:377)
at org.testng.SuiteRunner.runSequentially(SuiteRunner.java:371)
at org.testng.SuiteRunner.privateRun(SuiteRunner.java:332)
at org.testng.SuiteRunner.run(SuiteRunner.java:276)
at org.testng.SuiteRunnerWorker.runSuite(SuiteRunnerWorker.java:53)
at org.testng.SuiteRunnerWorker.run(SuiteRunnerWorker.java:96)
at org.testng.TestNG.runSuitesSequentially(TestNG.java:1212)
at org.testng.TestNG.runSuitesLocally(TestNG.java:1134)
at org.testng.TestNG.runSuites(TestNG.java:1063)
at org.testng.TestNG.run(TestNG.java:1031)
at org.testng.remote.AbstractRemoteTestNG.run(AbstractRemoteTestNG.java:115)
at org.testng.remote.RemoteTestNG.initAndRun(RemoteTestNG.java:293)
at org.testng.remote.RemoteTestNG.main(RemoteTestNG.java:91)
]]>
    </failure>
  </testcase> <!-- verifytheinvalidname -->
  <testcase classname="com.loginpage.Validloginwithdashboard" name="mandatorysymbolofname" time="0.054"/>
  <testcase classname="com.loginpage.Validloginwithdashboard" name="mandotrysymboloftype" time="0.044"/>
  <testcase classname="com.loginpage.Validloginwithdashboard" name="mandatorysymbolofphonenumberfield" time="0.074"/>
  <testcase classname="com.loginpage.Validloginwithdashboard" name="mandatorysymbolofemail" time="0.133"/>
  <testcase classname="com.loginpage.Validloginwithdashboard" name="manadatorysymbolofbranch" time="0.047"/>
  <testcase classname="com.loginpage.Validloginwithdashboard" name="hrms" time="0.0">
    <ignored/>
  </testcase> <!-- hrms -->
  <testcase classname="com.loginpage.Validloginwithdashboard" name="searchbar" time="0.0">
    <ignored/>
  </testcase> <!-- searchbar -->
</testsuite> <!-- Default test -->
