<?xml version="1.0" encoding="UTF-8"?>
<!-- Generated by org.testng.reporters.JUnitXMLReporter -->
<testsuite ignored="0" hostname="RTLP-JER-1152" failures="5" tests="10" name="Test" time="61.84" errors="0" timestamp="2024-07-08T15:04:29 GMT-07:00">
  <testcase classname="com.loginpage.Loginpage" name="invalidlogin" time="1.19"/>
  <testcase classname="com.loginpage.Loginpage" name="logincredentails" time="1.225"/>
  <testcase classname="com.loginpage.Loginpage" name="validation" time="3.249">
    <failure type="java.lang.AssertionError" message="expected [please eneter your email id ] but found [Fill email]">
      <![CDATA[java.lang.AssertionError: expected [please eneter your email id ] but found [Fill email]
at com.loginpage.Loginpage.validation(Loginpage.java:89)
at java.base/java.util.ArrayList.forEach(ArrayList.java:1596)
... Removed 31 stack frames]]>
    </failure>
  </testcase> <!-- validation -->
  <testcase classname="com.loginpage.Loginpage" name="testBlankPassword" time="5.321">
    <failure type="org.openqa.selenium.ElementClickInterceptedException" message="element click intercepted: Element is not clickable at point (319, 544)
  (Session info: chrome=126.0.6478.127)
Build info: version: &amp;apos;4.22.0&amp;apos;, revision: &amp;apos;c5f3146703*&amp;apos;
System info: os.name: &amp;apos;Windows 10&amp;apos;, os.arch: &amp;apos;amd64&amp;apos;, os.version: &amp;apos;10.0&amp;apos;, java.version: &amp;apos;21.0.3&amp;apos;
Driver info: org.openqa.selenium.chrome.ChromeDriver
Command: [c53fa427a03ee4a4f1fe13fea8746494, clickElement {id=f.262760B12D7D159E82238DBBDF5356E1.d.4A30457979753D2DB5F217E635C35FED.e.13}]
Capabilities {acceptInsecureCerts: false, browserName: chrome, browserVersion: 126.0.6478.127, chrome: {chromedriverVersion: 126.0.6478.126 (d36ace6122e..., userDataDir: C:\Users\Jerin\AppData\Loca...}, fedcm:accounts: true, goog:chromeOptions: {debuggerAddress: localhost:56602}, networkConnectionEnabled: false, pageLoadStrategy: normal, platformName: windows, proxy: Proxy(), se:cdp: ws://localhost:56602/devtoo..., se:cdpVersion: 126.0.6478.127, setWindowRect: true, strictFileInteractability: false, timeouts: {implicit: 0, pageLoad: 300000, script: 30000}, unhandledPromptBehavior: dismiss and notify, webauthn:extension:credBlob: true, webauthn:extension:largeBlob: true, webauthn:extension:minPinLength: true, webauthn:extension:prf: true, webauthn:virtualAuthenticators: true}
Element: [[ChromeDriver: chrome on windows (c53fa427a03ee4a4f1fe13fea8746494)] -&amp;gt; xpath: //button[@type=&amp;apos;submit&amp;apos;]]
Session ID: c53fa427a03ee4a4f1fe13fea8746494">
      <![CDATA[org.openqa.selenium.ElementClickInterceptedException: element click intercepted: Element is not clickable at point (319, 544)
  (Session info: chrome=126.0.6478.127)
Build info: version: '4.22.0', revision: 'c5f3146703*'
System info: os.name: 'Windows 10', os.arch: 'amd64', os.version: '10.0', java.version: '21.0.3'
Driver info: org.openqa.selenium.chrome.ChromeDriver
Command: [c53fa427a03ee4a4f1fe13fea8746494, clickElement {id=f.262760B12D7D159E82238DBBDF5356E1.d.4A30457979753D2DB5F217E635C35FED.e.13}]
Capabilities {acceptInsecureCerts: false, browserName: chrome, browserVersion: 126.0.6478.127, chrome: {chromedriverVersion: 126.0.6478.126 (d36ace6122e..., userDataDir: C:\Users\Jerin\AppData\Loca...}, fedcm:accounts: true, goog:chromeOptions: {debuggerAddress: localhost:56602}, networkConnectionEnabled: false, pageLoadStrategy: normal, platformName: windows, proxy: Proxy(), se:cdp: ws://localhost:56602/devtoo..., se:cdpVersion: 126.0.6478.127, setWindowRect: true, strictFileInteractability: false, timeouts: {implicit: 0, pageLoad: 300000, script: 30000}, unhandledPromptBehavior: dismiss and notify, webauthn:extension:credBlob: true, webauthn:extension:largeBlob: true, webauthn:extension:minPinLength: true, webauthn:extension:prf: true, webauthn:virtualAuthenticators: true}
Element: [[ChromeDriver: chrome on windows (c53fa427a03ee4a4f1fe13fea8746494)] -> xpath: //button[@type='submit']]
Session ID: c53fa427a03ee4a4f1fe13fea8746494
at org.openqa.selenium.remote.ErrorCodec.decode(ErrorCodec.java:167)
at org.openqa.selenium.remote.codec.w3c.W3CHttpResponseCodec.decode(W3CHttpResponseCodec.java:138)
at org.openqa.selenium.remote.codec.w3c.W3CHttpResponseCodec.decode(W3CHttpResponseCodec.java:50)
at org.openqa.selenium.remote.HttpCommandExecutor.execute(HttpCommandExecutor.java:190)
at org.openqa.selenium.remote.service.DriverCommandExecutor.invokeExecute(DriverCommandExecutor.java:216)
at org.openqa.selenium.remote.service.DriverCommandExecutor.execute(DriverCommandExecutor.java:174)
at org.openqa.selenium.remote.RemoteWebDriver.execute(RemoteWebDriver.java:518)
at org.openqa.selenium.remote.RemoteWebElement.execute(RemoteWebElement.java:223)
at org.openqa.selenium.remote.RemoteWebElement.click(RemoteWebElement.java:76)
at com.loginpage.Loginpage.testBlankPassword(Loginpage.java:102)
at java.base/java.util.ArrayList.forEach(ArrayList.java:1596)
... Removed 28 stack frames]]>
    </failure>
  </testcase> <!-- testBlankPassword -->
  <testcase classname="com.loginpage.Loginpage" name="testButtonIsEnabled" time="0.062"/>
  <testcase classname="com.loginpage.Forgottenemail" name="forgotpassword" time="0.671"/>
  <testcase classname="com.loginpage.Forgottenemail" name="existemailid" time="4.584">
    <failure type="java.lang.AssertionError" message="expected [Username not recognized. Please try again.] but found [User does not exists]">
      <![CDATA[java.lang.AssertionError: expected [Username not recognized. Please try again.] but found [User does not exists]
at com.loginpage.Forgottenemail.existemailid(Forgottenemail.java:64)
at java.base/java.util.ArrayList.forEach(ArrayList.java:1596)
... Removed 31 stack frames]]>
    </failure>
  </testcase> <!-- existemailid -->
  <testcase classname="com.loginpage.Forgottenemail" name="validdata" time="3.537">
    <failure type="java.lang.AssertionError" message="expected [A password reset link has been sent to your email address.] but found [Email has been sent...
The reset link has been sent to your email address]">
      <![CDATA[java.lang.AssertionError: expected [A password reset link has been sent to your email address.] but found [Email has been sent...
The reset link has been sent to your email address]
at com.loginpage.Forgottenemail.validdata(Forgottenemail.java:85)
at java.base/java.util.ArrayList.forEach(ArrayList.java:1596)
... Removed 31 stack frames]]>
    </failure>
  </testcase> <!-- validdata -->
  <testcase classname="com.loginpage.Forgottenemail" name="navigation" time="20.12">
    <failure type="java.lang.AssertionError" message="An unexpected error occurred and page is blank">
      <![CDATA[java.lang.AssertionError: An unexpected error occurred and page is blank
at com.loginpage.Forgottenemail.navigation(Forgottenemail.java:121)
at java.base/java.util.ArrayList.forEach(ArrayList.java:1596)
Caused by: org.openqa.selenium.NoSuchElementException: no such element: Unable to locate element: {"method":"xpath","selector":"//p[normalize-space()='Welcome, Login to your account.']"}
  (Session info: chrome=126.0.6478.127)
For documentation on this error, please visit: https://www.selenium.dev/documentation/webdriver/troubleshooting/errors#no-such-element-exception
Build info: version: '4.22.0', revision: 'c5f3146703*'
System info: os.name: 'Windows 10', os.arch: 'amd64', os.version: '10.0', java.version: '21.0.3'
Driver info: org.openqa.selenium.chrome.ChromeDriver
Command: [75a6851f30b24b6796277ed1af71b527, findElement {value=//p[normalize-space()='Welcome, Login to your account.'], using=xpath}]
Capabilities {acceptInsecureCerts: false, browserName: chrome, browserVersion: 126.0.6478.127, chrome: {chromedriverVersion: 126.0.6478.126 (d36ace6122e..., userDataDir: C:\Users\Jerin\AppData\Loca...}, fedcm:accounts: true, goog:chromeOptions: {debuggerAddress: localhost:56635}, networkConnectionEnabled: false, pageLoadStrategy: normal, platformName: windows, proxy: Proxy(), se:cdp: ws://localhost:56635/devtoo..., se:cdpVersion: 126.0.6478.127, setWindowRect: true, strictFileInteractability: false, timeouts: {implicit: 0, pageLoad: 300000, script: 30000}, unhandledPromptBehavior: dismiss and notify, webauthn:extension:credBlob: true, webauthn:extension:largeBlob: true, webauthn:extension:minPinLength: true, webauthn:extension:prf: true, webauthn:virtualAuthenticators: true}
Session ID: 75a6851f30b24b6796277ed1af71b527
at org.openqa.selenium.remote.ErrorCodec.decode(ErrorCodec.java:167)
at org.openqa.selenium.remote.codec.w3c.W3CHttpResponseCodec.decode(W3CHttpResponseCodec.java:138)
at org.openqa.selenium.remote.codec.w3c.W3CHttpResponseCodec.decode(W3CHttpResponseCodec.java:50)
at org.openqa.selenium.remote.HttpCommandExecutor.execute(HttpCommandExecutor.java:190)
at org.openqa.selenium.remote.service.DriverCommandExecutor.invokeExecute(DriverCommandExecutor.java:216)
at org.openqa.selenium.remote.service.DriverCommandExecutor.execute(DriverCommandExecutor.java:174)
at org.openqa.selenium.remote.RemoteWebDriver.execute(RemoteWebDriver.java:518)
at org.openqa.selenium.remote.ElementLocation$ElementFinder$2.findElement(ElementLocation.java:165)
at org.openqa.selenium.remote.ElementLocation.findElement(ElementLocation.java:59)
at org.openqa.selenium.remote.RemoteWebDriver.findElement(RemoteWebDriver.java:355)
at org.openqa.selenium.remote.RemoteWebDriver.findElement(RemoteWebDriver.java:349)
at com.loginpage.Forgottenemail.navigation(Forgottenemail.java:101)
... 26 more
... Removed 29 stack frames]]>
    </failure>
  </testcase> <!-- navigation -->
  <testcase classname="com.loginpage.Validloginwithdashboard" name="validcrendentials" time="5.638"/>
</testsuite> <!-- Test -->
