<?xml version="1.0" encoding="UTF-8"?>
<!-- Generated by org.testng.reporters.JUnitReportReporter -->
<testsuite hostname="RTLP-JER-1152" failures="1" tests="25" name="com.loginpage.Validloginwithdashboard" time="44.514" errors="0" timestamp="2024-07-16T10:25:58 GMT-07:00" skipped="2">
  <testcase classname="com.loginpage.Validloginwithdashboard" name="validcrendentials" time="7.644"/>
  <system-out/>
  <testcase classname="com.loginpage.Validloginwithdashboard" name="crm" time="0.653"/>
  <system-out/>
  <testcase classname="com.loginpage.Validloginwithdashboard" name="lead" time="1.423"/>
  <system-out/>
  <testcase classname="com.loginpage.Validloginwithdashboard" name="validationmessageofcontactinfo" time="0.360"/>
  <system-out/>
  <testcase classname="com.loginpage.Validloginwithdashboard" name="contactinfo" time="20.094"/>
  <system-out/>
  <testcase classname="com.loginpage.Validloginwithdashboard" name="validationmessageofsalesfollowup" time="0.778"/>
  <system-out/>
  <testcase classname="com.loginpage.Validloginwithdashboard" name="verifycheckbox" time="0.424"/>
  <system-out/>
  <testcase classname="com.loginpage.Validloginwithdashboard" name="verifyname" time="1.957"/>
  <system-out/>
  <testcase classname="com.loginpage.Validloginwithdashboard" name="verifythedropdown" time="0.438"/>
  <system-out/>
  <testcase classname="com.loginpage.Validloginwithdashboard" name="verifytheinvalidname" time="1.998">
    <failure message="The name field should not accept numbers. expected [false] but found [true]" type="java.lang.AssertionError">
      <![CDATA[java.lang.AssertionError: The name field should not accept numbers. expected [false] but found [true]
at org.testng.Assert.fail(Assert.java:99)
at org.testng.Assert.failNotEquals(Assert.java:1037)
at org.testng.Assert.assertFalse(Assert.java:67)
at com.loginpage.Validloginwithdashboard.verifytheinvalidname(Validloginwithdashboard.java:255)
at java.base/jdk.internal.reflect.DirectMethodHandleAccessor.invoke(DirectMethodHandleAccessor.java:103)
at java.base/java.lang.reflect.Method.invoke(Method.java:580)
at org.testng.internal.MethodInvocationHelper.invokeMethod(MethodInvocationHelper.java:133)
at org.testng.internal.TestInvoker.invokeMethod(TestInvoker.java:598)
at org.testng.internal.TestInvoker.invokeTestMethod(TestInvoker.java:173)
at org.testng.internal.MethodRunner.runInSequence(MethodRunner.java:46)
at org.testng.internal.TestInvoker$MethodInvocationAgent.invoke(TestInvoker.java:824)
at org.testng.internal.TestInvoker.invokeTestMethods(TestInvoker.java:146)
at org.testng.internal.TestMethodWorker.invokeTestMethods(TestMethodWorker.java:146)
at org.testng.internal.TestMethodWorker.run(TestMethodWorker.java:128)
at java.base/java.util.ArrayList.forEach(ArrayList.java:1596)
at org.testng.TestRunner.privateRun(TestRunner.java:794)
at org.testng.TestRunner.run(TestRunner.java:596)
at org.testng.SuiteRunner.runTest(SuiteRunner.java:377)
at org.testng.SuiteRunner.runSequentially(SuiteRunner.java:371)
at org.testng.SuiteRunner.privateRun(SuiteRunner.java:332)
at org.testng.SuiteRunner.run(SuiteRunner.java:276)
at org.testng.SuiteRunnerWorker.runSuite(SuiteRunnerWorker.java:53)
at org.testng.SuiteRunnerWorker.run(SuiteRunnerWorker.java:96)
at org.testng.TestNG.runSuitesSequentially(TestNG.java:1212)
at org.testng.TestNG.runSuitesLocally(TestNG.java:1134)
at org.testng.TestNG.runSuites(TestNG.java:1063)
at org.testng.TestNG.run(TestNG.java:1031)
at org.testng.remote.AbstractRemoteTestNG.run(AbstractRemoteTestNG.java:115)
at org.testng.remote.RemoteTestNG.initAndRun(RemoteTestNG.java:293)
at org.testng.remote.RemoteTestNG.main(RemoteTestNG.java:91)
]]>
    </failure>
  </testcase> <!-- verifytheinvalidname -->
  <system-out/>
  <testcase classname="com.loginpage.Validloginwithdashboard" name="mandatorysymbolofname" time="0.060"/>
  <system-out/>
  <testcase classname="com.loginpage.Validloginwithdashboard" name="mandotrysymboloftype" time="0.067"/>
  <system-out/>
  <testcase classname="com.loginpage.Validloginwithdashboard" name="mandatorysymbolofphonenumberfield" time="0.244"/>
  <system-out/>
  <testcase classname="com.loginpage.Validloginwithdashboard" name="mandatorysymbolofemail" time="0.058"/>
  <system-out/>
  <testcase classname="com.loginpage.Validloginwithdashboard" name="mandatorysymbolofbranch" time="0.096"/>
  <system-out/>
  <testcase classname="com.loginpage.Validloginwithdashboard" name="mandotrysymbolofleadsource" time="0.154"/>
  <system-out/>
  <testcase classname="com.loginpage.Validloginwithdashboard" name="leadpurpose" time="0.047"/>
  <system-out/>
  <testcase classname="com.loginpage.Validloginwithdashboard" name="productname" time="0.080"/>
  <system-out/>
  <testcase classname="com.loginpage.Validloginwithdashboard" name="salesperson" time="0.135"/>
  <system-out/>
  <testcase classname="com.loginpage.Validloginwithdashboard" name="status" time="0.063"/>
  <system-out/>
  <testcase classname="com.loginpage.Validloginwithdashboard" name="country" time="0.114"/>
  <system-out/>
  <testcase classname="com.loginpage.Validloginwithdashboard" name="location" time="0.119"/>
  <system-out/>
  <testcase classname="com.loginpage.Validloginwithdashboard" name="pageupload" time="7.508"/>
  <system-out/>
  <testcase classname="com.loginpage.Validloginwithdashboard" name="hrms">
    <skipped/>
  </testcase> <!-- hrms -->
  <system-out/>
  <testcase classname="com.loginpage.Validloginwithdashboard" name="searchbar">
    <skipped/>
  </testcase> <!-- searchbar -->
  <system-out/>
</testsuite> <!-- com.loginpage.Validloginwithdashboard -->
